[handleMsg]:  {
  key: {
    remoteJid: '51930263341@s.whatsapp.net',
    fromMe: false,
    id: 'F8B821002F0CC25894D99A973B4DBA0A',
    participant: undefined
  },
  messageTimestamp: 1740087826,
  pushName: "Sadi'🌹",
  broadcast: false,
  message: Message {
    conversation: 'Pedido',
    messageContextInfo: MessageContextInfo {
      deviceListMetadata: [DeviceListMetadata],
      deviceListMetadataVersion: 2,
      messageSecret: [Uint8Array]
    }
  },
  body: 'Pedido',
  from: '51930263341'
}
[QUEUE_SE_ENVIO]:  {
  ref: 'ans_05526f62-92f6-403a-af1b-94bbc4ca3164',
  keyword: 'key_be51a79b-43c2-4ef2-92b8-6b18dc18a74c',
  answer: 'Hola soy charly, seré tu mesero virtual\n',
  options: {
    media: 'C:\\Empresa-proyecto\\base-baileys-memory\\Charly.jpg',
    buttons: [],
    capture: false,
    child: null,
    delay: 0,
    idle: null,
    ref: null,
    nested: [],
    keyword: {},
    callback: false
  },
  refSerialize: '1137dfa65c583944695f9e644aaba3e5'
}
[QUEUE_SE_ENVIO]:  {
  ref: 'ans_913723e6-45c3-440f-9482-4e4a6c08b00e',
  keyword: 'ans_05526f62-92f6-403a-af1b-94bbc4ca3164',
  answer: 'Comentame:\r\n' +
    '1. Comer aquí.\r\n' +
    '2. Para llevar.\r\n' +
    '\r\n' +
    'Escriba solo un número por favor.\r\n' +
    '\r\n' +
    'Si se confunde de opción escriba *Pedido* para volver a estas opciones.',
  options: {
    media: null,
    buttons: [],
    capture: true,
    child: null,
    delay: 0,
    idle: null,
    ref: null,
    nested: [],
    keyword: {},
    callback: true
  },
  refSerialize: '877f2b3d0d63d15e0ed980e459bf06ff'
}
[handleMsg]:  {
  key: {
    remoteJid: '51930263341@s.whatsapp.net',
    fromMe: false,
    id: 'F1ED1DB2F22F281D84FBFF12D25D3347',
    participant: undefined
  },
  messageTimestamp: 1740087836,
  pushName: "Sadi'🌹",
  broadcast: false,
  message: Message {
    conversation: '1',
    messageContextInfo: MessageContextInfo {
      deviceListMetadata: [DeviceListMetadata],
      deviceListMetadataVersion: 2,
      messageSecret: [Uint8Array]
    }
  },
  body: '1',
  from: '51930263341'
}
[handleMsg]:  {
  key: {
    remoteJid: '51930263341@s.whatsapp.net',
    fromMe: false,
    id: '46FE8F4AF3EDE159147311987806C0EB',
    participant: undefined
  },
  messageTimestamp: 1740087840,
  pushName: "Sadi'🌹",
  broadcast: false,
  message: Message {
    conversation: '1',
    messageContextInfo: MessageContextInfo {
      deviceListMetadata: [DeviceListMetadata],
      deviceListMetadataVersion: 2,
      messageSecret: [Uint8Array]
    }
  },
  body: '1',
  from: '51930263341'
}
[handleMsg]:  {
  key: {
    remoteJid: '51930263341@s.whatsapp.net',
    fromMe: false,
    id: 'A87956D7B78BF10498D2B7F054689E9B',
    participant: undefined
  },
  messageTimestamp: 1740087860,
  pushName: "Sadi'🌹",
  broadcast: false,
  message: Message {
    imageMessage: ImageMessage {
      interactiveAnnotations: [],
      scanLengths: [],
      url: 'https://mmg.whatsapp.net/o1/v/t62.7118-24/f2/m238/AQOVMUhyDPHGPlP2nPC6kCwNphtUxfqGDoWuJxFCj3avVU51QKeFhmLIybZi_z2syeD7tVbIKjjfUig9Bn4w90mI-1BSQVmGk-jeDxHvTw?ccb=9-4&oh=01_Q5AaIBW3ANW2qf7Owlfe4cD4Gm-_u9TzzKSmj9A2rsPn2Ifg&oe=67DF0A33&_nc_sid=e6ed6c&mms3=true',
      mimetype: 'image/jpeg',
      fileSha256: [Uint8Array],
      fileLength: [Long],
      height: 1024,
      width: 1024,
      mediaKey: [Uint8Array],
      fileEncSha256: [Uint8Array],
      directPath: '/o1/v/t62.7118-24/f2/m238/AQOVMUhyDPHGPlP2nPC6kCwNphtUxfqGDoWuJxFCj3avVU51QKeFhmLIybZi_z2syeD7tVbIKjjfUig9Bn4w90mI-1BSQVmGk-jeDxHvTw?ccb=9-4&oh=01_Q5AaIBW3ANW2qf7Owlfe4cD4Gm-_u9TzzKSmj9A2rsPn2Ifg&oe=67DF0A33&_nc_sid=e6ed6c',
      mediaKeyTimestamp: [Long],
      jpegThumbnail: [Uint8Array]
    },
    messageContextInfo: MessageContextInfo {
      deviceListMetadata: [DeviceListMetadata],
      deviceListMetadataVersion: 2,
      messageSecret: [Uint8Array]
    }
  },
  body: '_event_media__eb67b87e-d43f-4021-88cf-e60e1409e878',
  from: '51930263341'
}
[QUEUE_SE_ENVIO]:  {
  ref: 'ans_a1c1fee3-0d93-45c4-8bf6-fc7b08fef49e',
  keyword: 'key_ad870f99-c113-493b-992e-304943762fad',
  answer: 'Voy a validar el pago y prepararé su pedido. Puedes pasar a recogerlo en 10 min\n',
  options: {
    media: 'C:\\Empresa-proyecto\\base-baileys-memory\\Charly-Ent-Ped.jpg',
    buttons: [],
    capture: false,
    child: null,
    delay: 0,
    idle: null,
    ref: null,
    nested: [],
    keyword: {},
    callback: true
  },
  refSerialize: 'a46b40a9ae568e9f7236383b5ecf2673'
}
